c:\users\dyabu\documents\prog2\teme\chicken-invaders\chicken-invaders\chicken-invaders\x64\debug\vc142.pdb
c:\users\dyabu\documents\prog2\teme\chicken-invaders\chicken-invaders\chicken-invaders\x64\debug\vc142.idb
c:\users\dyabu\documents\prog2\teme\chicken-invaders\chicken-invaders\chicken-invaders\x64\debug\title.obj
c:\users\dyabu\documents\prog2\teme\chicken-invaders\chicken-invaders\chicken-invaders\x64\debug\rulesground.obj
c:\users\dyabu\documents\prog2\teme\chicken-invaders\chicken-invaders\chicken-invaders\x64\debug\powerup.obj
c:\users\dyabu\documents\prog2\teme\chicken-invaders\chicken-invaders\chicken-invaders\x64\debug\playground.obj
c:\users\dyabu\documents\prog2\teme\chicken-invaders\chicken-invaders\chicken-invaders\x64\debug\menueground.obj
c:\users\dyabu\documents\prog2\teme\chicken-invaders\chicken-invaders\chicken-invaders\x64\debug\main.obj
c:\users\dyabu\documents\prog2\teme\chicken-invaders\chicken-invaders\chicken-invaders\x64\debug\highscores.obj
c:\users\dyabu\documents\prog2\teme\chicken-invaders\chicken-invaders\chicken-invaders\x64\debug\gameover.obj
c:\users\dyabu\documents\prog2\teme\chicken-invaders\chicken-invaders\chicken-invaders\x64\debug\game.obj
c:\users\dyabu\documents\prog2\teme\chicken-invaders\chicken-invaders\chicken-invaders\x64\debug\enemy.obj
c:\users\dyabu\documents\prog2\teme\chicken-invaders\chicken-invaders\chicken-invaders\x64\debug\character.obj
c:\users\dyabu\documents\prog2\teme\chicken-invaders\chicken-invaders\chicken-invaders\x64\debug\button.obj
c:\users\dyabu\documents\prog2\teme\chicken-invaders\chicken-invaders\chicken-invaders\x64\debug\bullet.obj
c:\users\dyabu\documents\prog2\teme\chicken-invaders\chicken-invaders\x64\debug\chicken-invaders.exe
c:\users\dyabu\documents\prog2\teme\chicken-invaders\chicken-invaders\chicken-invaders\x64\debug\chicken-invaders.ilk
c:\users\dyabu\documents\prog2\teme\chicken-invaders\chicken-invaders\x64\debug\chicken-invaders.pdb
c:\users\dyabu\documents\prog2\teme\chicken-invaders\chicken-invaders\chicken-invaders\x64\debug\chicken-invaders.tlog\cl.command.1.tlog
c:\users\dyabu\documents\prog2\teme\chicken-invaders\chicken-invaders\chicken-invaders\x64\debug\chicken-invaders.tlog\cl.read.1.tlog
c:\users\dyabu\documents\prog2\teme\chicken-invaders\chicken-invaders\chicken-invaders\x64\debug\chicken-invaders.tlog\cl.write.1.tlog
c:\users\dyabu\documents\prog2\teme\chicken-invaders\chicken-invaders\chicken-invaders\x64\debug\chicken-invaders.tlog\link.command.1.tlog
c:\users\dyabu\documents\prog2\teme\chicken-invaders\chicken-invaders\chicken-invaders\x64\debug\chicken-invaders.tlog\link.read.1.tlog
c:\users\dyabu\documents\prog2\teme\chicken-invaders\chicken-invaders\chicken-invaders\x64\debug\chicken-invaders.tlog\link.write.1.tlog
